<?xml version="1.0" encoding="UTF-8" ?>
<testsuite failures="0" time="43.14" errors="0" skipped="0" tests="37" name="TestSuite">
  <properties>
    <property name="java.runtime.name" value="Java(TM) SE Runtime Environment"/>
    <property name="sun.boot.library.path" value="C:\java\jdk1.7\jre\bin"/>
    <property name="java.vm.version" value="23.1-b03"/>
    <property name="java.vm.vendor" value="Oracle Corporation"/>
    <property name="java.vendor.url" value="http://java.oracle.com/"/>
    <property name="path.separator" value=";"/>
    <property name="guice.disable.misplaced.annotation.check" value="true"/>
    <property name="java.vm.name" value="Java HotSpot(TM) Client VM"/>
    <property name="file.encoding.pkg" value="sun.io"/>
    <property name="user.script" value=""/>
    <property name="user.country" value="US"/>
    <property name="sun.java.launcher" value="SUN_STANDARD"/>
    <property name="sun.os.patch.level" value="Service Pack 3"/>
    <property name="java.vm.specification.name" value="Java Virtual Machine Specification"/>
    <property name="user.dir" value="C:\cxp_automation\cxp_automation"/>
    <property name="java.runtime.version" value="1.7.0_05-b05"/>
    <property name="java.awt.graphicsenv" value="sun.awt.Win32GraphicsEnvironment"/>
    <property name="java.endorsed.dirs" value="C:\java\jdk1.7\jre\lib\endorsed"/>
    <property name="os.arch" value="x86"/>
    <property name="java.io.tmpdir" value="C:\DOCUME~1\pankumar\LOCALS~1\Temp\"/>
    <property name="line.separator" value="
"/>
    <property name="java.vm.specification.vendor" value="Oracle Corporation"/>
    <property name="user.variant" value=""/>
    <property name="os.name" value="Windows XP"/>
    <property name="classworlds.conf" value="C:\Maven\apache-maven-3.0.4\bin\..\bin\m2.conf"/>
    <property name="sun.jnu.encoding" value="Cp1252"/>
    <property name="java.library.path" value="C:\java\jdk1.7\bin;C:\WINDOWS\Sun\Java\bin;C:\WINDOWS\system32;C:\WINDOWS;C:\WINDOWS\system32;C:\WINDOWS;C:\WINDOWS\System32\Wbem;C:\Program Files\Diskeeper Corporation\Diskeeper\;C:\Program Files\Common Files\Lenovo;C:\PROGRA~1\IBM\CLIENT~1;C:\PROGRA~1\IBM\CLIENT~1\Shared;C:\PROGRA~1\IBM\CLIENT~1\Emulator;C:\Program Files\Intel\WiFi\bin\;C:\Program Files\ATI Technologies\ATI.ACE\Core-Static;C:\Ruby193\bin;C:\java\jdk1.7\bin;C:\Program Files\Mozilla Firefox\;C:\Program Files\QuickTime Alternative\QTSystem\;C:\Program Files\TortoiseSVN\bin;C:\cxp-asp\chromedriver.exe;C:\Program Files\Git\cmd;C:\Maven\apache-maven-3.0.4\bin;."/>
    <property name="java.specification.name" value="Java Platform API Specification"/>
    <property name="java.class.version" value="51.0"/>
    <property name="sun.management.compiler" value="HotSpot Client Compiler"/>
    <property name="os.version" value="5.1"/>
    <property name="user.home" value="C:\Documents and Settings\pankumar"/>
    <property name="user.timezone" value="America/New_York"/>
    <property name="java.awt.printerjob" value="sun.awt.windows.WPrinterJob"/>
    <property name="java.specification.version" value="1.7"/>
    <property name="file.encoding" value="Cp1252"/>
    <property name="user.name" value="pankumar"/>
    <property name="java.class.path" value="C:\Maven\apache-maven-3.0.4\bin\..\boot\plexus-classworlds-2.4.jar"/>
    <property name="java.vm.specification.version" value="1.7"/>
    <property name="sun.arch.data.model" value="32"/>
    <property name="java.home" value="C:\java\jdk1.7\jre"/>
    <property name="sun.java.command" value="org.codehaus.plexus.classworlds.launcher.Launcher integration-test"/>
    <property name="java.specification.vendor" value="Oracle Corporation"/>
    <property name="user.language" value="en"/>
    <property name="awt.toolkit" value="sun.awt.windows.WToolkit"/>
    <property name="java.vm.info" value="mixed mode, sharing"/>
    <property name="java.version" value="1.7.0_05"/>
    <property name="java.ext.dirs" value="C:\java\jdk1.7\jre\lib\ext;C:\WINDOWS\Sun\Java\lib\ext"/>
    <property name="sun.boot.class.path" value="C:\java\jdk1.7\jre\lib\resources.jar;C:\java\jdk1.7\jre\lib\rt.jar;C:\java\jdk1.7\jre\lib\sunrsasign.jar;C:\java\jdk1.7\jre\lib\jsse.jar;C:\java\jdk1.7\jre\lib\jce.jar;C:\java\jdk1.7\jre\lib\charsets.jar;C:\java\jdk1.7\jre\lib\jfr.jar;C:\java\jdk1.7\jre\classes"/>
    <property name="java.vendor" value="Oracle Corporation"/>
    <property name="maven.home" value="C:\Maven\apache-maven-3.0.4\bin\.."/>
    <property name="file.separator" value="\"/>
    <property name="java.vendor.url.bug" value="http://bugreport.sun.com/bugreport/"/>
    <property name="sun.cpu.endian" value="little"/>
    <property name="sun.io.unicode.encoding" value="UnicodeLittle"/>
    <property name="sun.desktop" value="windows"/>
    <property name="sun.cpu.isalist" value="pentium_pro+mmx pentium_pro pentium+mmx pentium i486 i386 i86"/>
  </properties>
  <testcase time="0.093" classname="com.qait.cxp.maintest.ALaunchActivityPageTest" name="verifyActivityPageHeader"/>
  <testcase time="2.547" classname="com.qait.cxp.maintest.ALaunchActivityPageTest" name="verify_Select_Xml_and_Load"/>
  <testcase time="2.375" classname="com.qait.cxp.maintest.ALaunchActivityPageTest" name="verify_Take_Assignment"/>
  <testcase time="0" classname="com.qait.cxp.maintest.BSimpleTestContentLaunchTest" name="verifyClickOnHideHint"/>
  <testcase time="0" classname="com.qait.cxp.maintest.BSimpleTestContentLaunchTest" name="verifyClickOnReferencesButtonShowsReferencesList"/>
  <testcase time="0" classname="com.qait.cxp.maintest.BSimpleTestContentLaunchTest" name="verifyClickOnReviewTopicButton"/>
  <testcase time="0" classname="com.qait.cxp.maintest.BSimpleTestContentLaunchTest" name="verifyClickingOnReferencesShowsReferencesPage"/>
  <testcase time="0" classname="com.qait.cxp.maintest.BSimpleTestContentLaunchTest" name="verifyClickingOnReviewTopicShowsReviewTopicPage"/>
  <testcase time="0" classname="com.qait.cxp.maintest.BSimpleTestContentLaunchTest" name="verifyClickingOnShowHintButtonShowsHint"/>
  <testcase time="0" classname="com.qait.cxp.maintest.BSimpleTestContentLaunchTest" name="verifyClickingOnTryAnotherVersionReloadsFITBItem"/>
  <testcase time="0" classname="com.qait.cxp.maintest.BSimpleTestContentLaunchTest" name="verifyClickingOnTryAnotherVersionReloadsMultipleChoiceItem"/>
  <testcase time="0" classname="com.qait.cxp.maintest.BSimpleTestContentLaunchTest" name="verifyClikingOnNextLinkLoadsNextFITBItem"/>
  <testcase time="0" classname="com.qait.cxp.maintest.BSimpleTestContentLaunchTest" name="verifyCloseReviewTopics"/>
  <testcase time="0" classname="com.qait.cxp.maintest.BSimpleTestContentLaunchTest" name="verifyClosingReferencesPage"/>
  <testcase time="2.609" classname="com.qait.cxp.maintest.BSimpleTestContentLaunchTest" name="verifyMultipleChoiceItemIsLoaded"/>
  <testcase time="0" classname="com.qait.cxp.maintest.BSimpleTestContentLaunchTest" name="verifyNextLinkOnFITBItemAfterSubmitIsActive"/>
  <testcase time="0" classname="com.qait.cxp.maintest.BSimpleTestContentLaunchTest" name="verifyNextLinkOnMultipleChoiceItemAfterSubmitIsActive"/>
  <testcase time="0" classname="com.qait.cxp.maintest.BSimpleTestContentLaunchTest" name="verifyNextLinkOnMultipleChoiceItemBeforeSubmitIsActive"/>
  <testcase time="0" classname="com.qait.cxp.maintest.BSimpleTestContentLaunchTest" name="verifyReviewTopicButtonIsEnabled"/>
  <testcase time="0" classname="com.qait.cxp.maintest.BSimpleTestContentLaunchTest" name="verifyReviewTopicsAppear"/>
  <testcase time="0" classname="com.qait.cxp.maintest.BSimpleTestContentLaunchTest" name="verifyShowHintButtonIsEnabled"/>
  <testcase time="0" classname="com.qait.cxp.maintest.BSimpleTestContentLaunchTest" name="verifySubmitAnswerButtonOnFITBItemAfterSubmitAndReloadIsActive"/>
  <testcase time="0" classname="com.qait.cxp.maintest.BSimpleTestContentLaunchTest" name="verifySubmitAnswerButtonOnFITBItemAfterSubmitIsInactive"/>
  <testcase time="0" classname="com.qait.cxp.maintest.BSimpleTestContentLaunchTest" name="verifySubmitAnswerButtonOnFITBItemAfterSubmitReloadAndSubmitIsInactive"/>
  <testcase time="0" classname="com.qait.cxp.maintest.BSimpleTestContentLaunchTest" name="verifySubmitAnswerButtonOnMultipleChoiceAfterSubmitAndReloadIsActive"/>
  <testcase time="0" classname="com.qait.cxp.maintest.BSimpleTestContentLaunchTest" name="verifySubmitAnswerButtonOnMultipleChoiceItemAfterSubmitIsInactive"/>
  <testcase time="0" classname="com.qait.cxp.maintest.BSimpleTestContentLaunchTest" name="verifySubmitAnswerButtonOnMultipleChoiceItemAfterSubmitReloadAndSubmitIsInactive"/>
  <testcase time="0" classname="com.qait.cxp.maintest.BSimpleTestContentLaunchTest" name="verifySubmitAnswerButtonOnMultipleChoiceItemBeforeSubmitIsActive"/>
  <testcase time="0" classname="com.qait.cxp.maintest.BSimpleTestContentLaunchTest" name="verifySubmittingCorrectAnswerForFITBShowsCorrectRejoinder"/>
  <testcase time="0" classname="com.qait.cxp.maintest.BSimpleTestContentLaunchTest" name="verifySubmittingCorrectAnswerForMultipleChoiceShowsShowsCorrectRejoinder"/>
  <testcase time="0" classname="com.qait.cxp.maintest.BSimpleTestContentLaunchTest" name="verifySubmittingIncorrectAnswerForMultipleChoiceShowsIncorrectRejoinder"/>
  <testcase time="0" classname="com.qait.cxp.maintest.BSimpleTestContentLaunchTest" name="verifyTryAnotherButtonOnFITBItemAfterSubmitAndReloadIsInactive"/>
  <testcase time="0" classname="com.qait.cxp.maintest.BSimpleTestContentLaunchTest" name="verifyTryAnotherButtonOnMultipleChoiceItemAfterSubmitAndReloadIsInactive"/>
  <testcase time="0" classname="com.qait.cxp.maintest.BSimpleTestContentLaunchTest" name="verifyTryAnotherButtonOnMultipleChoiceItemBeforeSubmitIsInactive"/>
  <testcase time="0" classname="com.qait.cxp.maintest.BSimpleTestContentLaunchTest" name="verifyTryAnotherVersionButtonOnFITBItemAfterSubmitIsActive"/>
  <testcase time="0" classname="com.qait.cxp.maintest.BSimpleTestContentLaunchTest" name="verifyTryAnotherVersionButtonOnFITBItemAfterSubmitReloadAndSubmitIsActive"/>
  <testcase time="0" classname="com.qait.cxp.maintest.BSimpleTestContentLaunchTest" name="verifyTryAnotherVersionButtonOnMultipleChoiceItemAfterSubmitIsActive"/>
</testsuite>