<?xml version="1.0" encoding="UTF-8"?>
<!-- Generated by org.testng.reporters.JUnitReportReporter -->
<testsuite hostname="MABOSPKUMAR-L1" name="com.qait.cxp.maintest.ALaunchActivityPageTest" tests="3" failures="0" timestamp="14 Feb 2013 20:08:54 GMT" time="12.312" errors="0">
  <testcase name="verify_Take_Assignment" time="3.719" classname="com.qait.cxp.maintest.ALaunchActivityPageTest"/>
  <testcase name="verify_Select_Xml_and_Load" time="8.437" classname="com.qait.cxp.maintest.ALaunchActivityPageTest"/>
  <testcase name="verifyActivityPageHeader" time="0.156" classname="com.qait.cxp.maintest.ALaunchActivityPageTest"/>
</testsuite>
