<?xml version="1.0" encoding="UTF-8"?>
<!-- Generated by org.testng.reporters.JUnitReportReporter -->
<testsuite hostname="MABOSPKUMAR-L1" name="com.qait.cxp.maintest.ALaunchActivityPageTest" tests="3" failures="0" timestamp="22 Feb 2013 21:10:30 GMT" time="10.579" errors="0">
  <testcase name="verify_Select_Xml_and_Load" time="7.297" classname="com.qait.cxp.maintest.ALaunchActivityPageTest"/>
  <testcase name="verify_Take_Assignment" time="3.172" classname="com.qait.cxp.maintest.ALaunchActivityPageTest"/>
  <testcase name="verifyActivityPageHeader" time="0.110" classname="com.qait.cxp.maintest.ALaunchActivityPageTest"/>
</testsuite> <!-- com.qait.cxp.maintest.ALaunchActivityPageTest -->
