<?xml version="1.0" encoding="UTF-8"?>
<!-- Generated by org.testng.reporters.JUnitReportReporter -->
<testsuite hostname="MABOSPKUMAR-L1" name="com.qait.cxp.maintest.ALaunchActivityPageTest" tests="3" failures="0" timestamp="21 Feb 2013 19:37:52 GMT" time="12.829" errors="0">
  <testcase name="verify_Take_Assignment" time="5.422" classname="com.qait.cxp.maintest.ALaunchActivityPageTest"/>
  <testcase name="verifyActivityPageHeader" time="0.094" classname="com.qait.cxp.maintest.ALaunchActivityPageTest"/>
  <testcase name="verify_Select_Xml_and_Load" time="7.313" classname="com.qait.cxp.maintest.ALaunchActivityPageTest"/>
</testsuite> <!-- com.qait.cxp.maintest.ALaunchActivityPageTest -->
