<?xml version="1.0" encoding="UTF-8"?>
<!-- Generated by org.testng.reporters.JUnitReportReporter -->
<testsuite hostname="MABOSPKUMAR-L1" name="com.qait.cxp.maintest.BSimpleTestContentLaunchTest" tests="34" failures="0" timestamp="14 Feb 2013 20:08:54 GMT" time="2.390" errors="0">
  <testcase name="verifyReviewTopicButtonIsEnabled" time="0.000" classname="com.qait.cxp.maintest.BSimpleTestContentLaunchTest"/>
  <testcase name="verifyNextLinkOnMultipleChoiceItemAfterSubmitIsActive" time="0.000" classname="com.qait.cxp.maintest.BSimpleTestContentLaunchTest"/>
  <testcase name="verifySubmitAnswerButtonOnMultipleChoiceItemAfterSubmitReloadAndSubmitIsInactive" time="0.000" classname="com.qait.cxp.maintest.BSimpleTestContentLaunchTest"/>
  <testcase name="verifyShowHintButtonIsEnabled" time="0.000" classname="com.qait.cxp.maintest.BSimpleTestContentLaunchTest"/>
  <testcase name="verifyTryAnotherVersionButtonOnFITBItemAfterSubmitIsActive" time="0.000" classname="com.qait.cxp.maintest.BSimpleTestContentLaunchTest"/>
  <testcase name="verifySubmitAnswerButtonOnMultipleChoiceItemBeforeSubmitIsActive" time="0.000" classname="com.qait.cxp.maintest.BSimpleTestContentLaunchTest"/>
  <testcase name="verifyClickingOnReferencesShowsReferencesPage" time="0.000" classname="com.qait.cxp.maintest.BSimpleTestContentLaunchTest"/>
  <testcase name="verifyReviewTopicsAppear" time="0.000" classname="com.qait.cxp.maintest.BSimpleTestContentLaunchTest"/>
  <testcase name="verifyMultipleChoiceItemIsLoaded" time="2.390" classname="com.qait.cxp.maintest.BSimpleTestContentLaunchTest"/>
  <testcase name="verifyClosingReferencesPage" time="0.000" classname="com.qait.cxp.maintest.BSimpleTestContentLaunchTest"/>
  <testcase name="verifySubmitAnswerButtonOnFITBItemAfterSubmitIsInactive" time="0.000" classname="com.qait.cxp.maintest.BSimpleTestContentLaunchTest"/>
  <testcase name="verifyClickingOnShowHintButtonShowsHint" time="0.000" classname="com.qait.cxp.maintest.BSimpleTestContentLaunchTest"/>
  <testcase name="verifyTryAnotherButtonOnMultipleChoiceItemAfterSubmitAndReloadIsInactive" time="0.000" classname="com.qait.cxp.maintest.BSimpleTestContentLaunchTest"/>
  <testcase name="verifyClickOnHideHint" time="0.000" classname="com.qait.cxp.maintest.BSimpleTestContentLaunchTest"/>
  <testcase name="verifySubmitAnswerButtonOnFITBItemAfterSubmitReloadAndSubmitIsInactive" time="0.000" classname="com.qait.cxp.maintest.BSimpleTestContentLaunchTest"/>
  <testcase name="verifySubmittingCorrectAnswerForFITBShowsCorrectRejoinder" time="0.000" classname="com.qait.cxp.maintest.BSimpleTestContentLaunchTest"/>
  <testcase name="verifyClickingOnTryAnotherVersionReloadsMultipleChoiceItem" time="0.000" classname="com.qait.cxp.maintest.BSimpleTestContentLaunchTest"/>
  <testcase name="verifyNextLinkOnMultipleChoiceItemBeforeSubmitIsActive" time="0.000" classname="com.qait.cxp.maintest.BSimpleTestContentLaunchTest"/>
  <testcase name="verifyClikingOnNextLinkLoadsNextFITBItem" time="0.000" classname="com.qait.cxp.maintest.BSimpleTestContentLaunchTest"/>
  <testcase name="verifyTryAnotherVersionButtonOnFITBItemAfterSubmitReloadAndSubmitIsActive" time="0.000" classname="com.qait.cxp.maintest.BSimpleTestContentLaunchTest"/>
  <testcase name="verifyCloseReviewTopics" time="0.000" classname="com.qait.cxp.maintest.BSimpleTestContentLaunchTest"/>
  <testcase name="verifySubmitAnswerButtonOnMultipleChoiceItemAfterSubmitIsInactive" time="0.000" classname="com.qait.cxp.maintest.BSimpleTestContentLaunchTest"/>
  <testcase name="verifyTryAnotherVersionButtonOnMultipleChoiceItemAfterSubmitIsActive" time="0.000" classname="com.qait.cxp.maintest.BSimpleTestContentLaunchTest"/>
  <testcase name="verifySubmitAnswerButtonOnFITBItemAfterSubmitAndReloadIsActive" time="0.000" classname="com.qait.cxp.maintest.BSimpleTestContentLaunchTest"/>
  <testcase name="verifySubmitAnswerButtonOnMultipleChoiceAfterSubmitAndReloadIsActive" time="0.000" classname="com.qait.cxp.maintest.BSimpleTestContentLaunchTest"/>
  <testcase name="verifyTryAnotherButtonOnMultipleChoiceItemBeforeSubmitIsInactive" time="0.000" classname="com.qait.cxp.maintest.BSimpleTestContentLaunchTest"/>
  <testcase name="verifyClickingOnReviewTopicShowsReviewTopicPage" time="0.000" classname="com.qait.cxp.maintest.BSimpleTestContentLaunchTest"/>
  <testcase name="verifyClickingOnTryAnotherVersionReloadsFITBItem" time="0.000" classname="com.qait.cxp.maintest.BSimpleTestContentLaunchTest"/>
  <testcase name="verifySubmittingCorrectAnswerForMultipleChoiceShowsShowsCorrectRejoinder" time="0.000" classname="com.qait.cxp.maintest.BSimpleTestContentLaunchTest"/>
  <testcase name="verifySubmittingIncorrectAnswerForMultipleChoiceShowsIncorrectRejoinder" time="0.000" classname="com.qait.cxp.maintest.BSimpleTestContentLaunchTest"/>
  <testcase name="verifyClickOnReviewTopicButton" time="0.000" classname="com.qait.cxp.maintest.BSimpleTestContentLaunchTest"/>
  <testcase name="verifyNextLinkOnFITBItemAfterSubmitIsActive" time="0.000" classname="com.qait.cxp.maintest.BSimpleTestContentLaunchTest"/>
  <testcase name="verifyClickOnReferencesButtonShowsReferencesList" time="0.000" classname="com.qait.cxp.maintest.BSimpleTestContentLaunchTest"/>
  <testcase name="verifyTryAnotherButtonOnFITBItemAfterSubmitAndReloadIsInactive" time="0.000" classname="com.qait.cxp.maintest.BSimpleTestContentLaunchTest"/>
</testsuite>
