<?xml version="1.0" encoding="UTF-8"?>
<!-- Generated by org.testng.reporters.JUnitReportReporter -->
<testsuite hostname="MABOSPKUMAR-L1" name="com.qait.cxp.maintest.BSimpleTestContentLaunchTest" tests="39" failures="21" timestamp="22 Feb 2013 19:32:27 GMT" time="0.016" errors="0">
  <testcase name="verifyMultipleChoiceItemIsLoaded" time="0.000" classname="com.qait.cxp.maintest.BSimpleTestContentLaunchTest"/>
  <testcase name="verifySubmitAnswerButtonOnFITBItemAfterSubmitAndReloadIsActive" time="0.000" classname="com.qait.cxp.maintest.BSimpleTestContentLaunchTest"/>
  <testcase name="verifyCloseReviewTopics" time="0.016" classname="com.qait.cxp.maintest.BSimpleTestContentLaunchTest"/>
  <testcase name="verifySubmitAnswerButtonOnFITBItemAfterSubmitIsInactive" time="0.000" classname="com.qait.cxp.maintest.BSimpleTestContentLaunchTest"/>
  <testcase name="verifyClickingOnTryAnotherVersionReloadsFITBItem" time="0.000" classname="com.qait.cxp.maintest.BSimpleTestContentLaunchTest"/>
  <testcase name="verifyNextLinkOnMultipleChoiceItemAfterSubmitIsActive" time="0.000" classname="com.qait.cxp.maintest.BSimpleTestContentLaunchTest"/>
  <testcase name="verifySubmitAnswerButtonOnFITBItemAfterSubmitReloadAndSubmitIsInactive" time="0.000" classname="com.qait.cxp.maintest.BSimpleTestContentLaunchTest"/>
  <testcase name="verifySubmittingCorrectAnswerForFITBShowsCorrectRejoinder" time="0.000" classname="com.qait.cxp.maintest.BSimpleTestContentLaunchTest"/>
  <testcase name="verifySubmitAnswerButtonOnMultipleChoiceItemBeforeSubmitIsActive" time="0.000" classname="com.qait.cxp.maintest.BSimpleTestContentLaunchTest"/>
  <testcase name="verifyPrevLinkOnMultipleChoiceFirstItemIsNotPresent" time="0.000" classname="com.qait.cxp.maintest.BSimpleTestContentLaunchTest"/>
  <testcase name="verifySubmitAnswerButtonOnMultipleChoiceAfterSubmitAndReloadIsActive" time="0.000" classname="com.qait.cxp.maintest.BSimpleTestContentLaunchTest"/>
  <testcase name="verifyReviewButtonIsActive" time="0.000" classname="com.qait.cxp.maintest.BSimpleTestContentLaunchTest"/>
  <testcase name="verifyNextLinkOnMultipleChoiceFirstItemIsActive" time="0.000" classname="com.qait.cxp.maintest.BSimpleTestContentLaunchTest"/>
  <testcase name="verifySubmitAnswerButtonOnMultipleChoiceItemAfterSubmitIsInactive" time="0.000" classname="com.qait.cxp.maintest.BSimpleTestContentLaunchTest"/>
  <testcase name="verifyReviewTopicButtonIsEnabled" time="0.000" classname="com.qait.cxp.maintest.BSimpleTestContentLaunchTest"/>
  <testcase name="verifySubmittingCorrectAnswerForMultipleChoiceShowsShowsCorrectRejoinder" time="0.000" classname="com.qait.cxp.maintest.BSimpleTestContentLaunchTest"/>
  <testcase name="verifyShowScoresButtonIsActive" time="0.000" classname="com.qait.cxp.maintest.BSimpleTestContentLaunchTest"/>
  <testcase name="verifyClickingOnReferencesShowsReferencesPage" time="0.000" classname="com.qait.cxp.maintest.BSimpleTestContentLaunchTest"/>
  <testcase name="verifyNextLinkOnFITBItemAfterSubmitIsActive" time="0.000" classname="com.qait.cxp.maintest.BSimpleTestContentLaunchTest"/>
  <testcase name="verifyShowHintButtonIsEnabled" time="0.000" classname="com.qait.cxp.maintest.BSimpleTestContentLaunchTest"/>
  <testcase name="verifyClickingOnTryAnotherVersionReloadsMultipleChoiceItem" time="0.000" classname="com.qait.cxp.maintest.BSimpleTestContentLaunchTest"/>
  <testcase name="verifyReferencesButtonIsEnabled" time="0.000" classname="com.qait.cxp.maintest.BSimpleTestContentLaunchTest"/>
  <testcase name="verifyTryAnotherButtonOnMultipleChoiceItemAfterSubmitAndReloadIsInactive" time="0.000" classname="com.qait.cxp.maintest.BSimpleTestContentLaunchTest"/>
  <testcase name="verifyTryAnotherButtonOnFITBItemAfterSubmitAndReloadIsInactive" time="0.000" classname="com.qait.cxp.maintest.BSimpleTestContentLaunchTest"/>
  <testcase name="verifySubmitAnswerButtonOnMultipleChoiceItemAfterSubmitReloadAndSubmitIsInactive" time="0.000" classname="com.qait.cxp.maintest.BSimpleTestContentLaunchTest"/>
  <testcase name="verifyTryAnotherVersionButtonOnMultipleChoiceItemAfterSubmitIsActive" time="0.000" classname="com.qait.cxp.maintest.BSimpleTestContentLaunchTest"/>
  <testcase name="verifyClickingOnReviewTopicButtonShowsReviewTopics" time="0.000" classname="com.qait.cxp.maintest.BSimpleTestContentLaunchTest"/>
  <testcase name="verifyTryAnotherVersionButtonOnFITBItemAfterSubmitIsActive" time="0.000" classname="com.qait.cxp.maintest.BSimpleTestContentLaunchTest"/>
  <testcase name="verifyClickingOnShowHintButtonShowsHint" time="0.000" classname="com.qait.cxp.maintest.BSimpleTestContentLaunchTest"/>
  <testcase name="verifyShowHintIsChangedToHideHint" time="0.000" classname="com.qait.cxp.maintest.BSimpleTestContentLaunchTest"/>
  <testcase name="verifyClickingOnReviewTopicShowsReviewTopicPage" time="0.000" classname="com.qait.cxp.maintest.BSimpleTestContentLaunchTest"/>
  <testcase name="verifySubmittingIncorrectAnswerForMultipleChoiceShowsIncorrectRejoinder" time="0.000" classname="com.qait.cxp.maintest.BSimpleTestContentLaunchTest"/>
  <testcase name="verifyClikingOnNextLinkLoadsNextFITBItem" time="0.000" classname="com.qait.cxp.maintest.BSimpleTestContentLaunchTest"/>
  <testcase name="verifyClickingOnHideHintClosesHint" time="0.000" classname="com.qait.cxp.maintest.BSimpleTestContentLaunchTest"/>
  <testcase name="verifyTryAnotherButtonOnMultipleChoiceItemBeforeSubmitIsInactive" time="0.000" classname="com.qait.cxp.maintest.BSimpleTestContentLaunchTest"/>
  <testcase name="verifySimpleTestContentPageHeader" time="0.000" classname="com.qait.cxp.maintest.BSimpleTestContentLaunchTest"/>
  <testcase name="verifyClickOnReferencesButtonShowsReferencesList" time="0.000" classname="com.qait.cxp.maintest.BSimpleTestContentLaunchTest"/>
  <testcase name="verifyNewTestButtonIsActive" time="0.000" classname="com.qait.cxp.maintest.BSimpleTestContentLaunchTest"/>
  <testcase name="verifyTryAnotherVersionButtonOnFITBItemAfterSubmitReloadAndSubmitIsActive" time="0.000" classname="com.qait.cxp.maintest.BSimpleTestContentLaunchTest"/>
</testsuite> <!-- com.qait.cxp.maintest.BSimpleTestContentLaunchTest -->
