<?xml version="1.0" encoding="UTF-8"?>
<!-- Generated by org.testng.reporters.JUnitReportReporter -->
<testsuite hostname="MABOSPKUMAR-L1" name="com.qait.cxp.maintest.ALaunchActivityPageTest" tests="3" failures="0" timestamp="12 Feb 2013 19:12:27 GMT" time="5.015" errors="0">
  <testcase name="verify_Select_Xml_and_Load" time="2.562" classname="com.qait.cxp.maintest.ALaunchActivityPageTest"/>
  <testcase name="verifyActivityPageHeader" time="0.078" classname="com.qait.cxp.maintest.ALaunchActivityPageTest"/>
  <testcase name="verify_Take_Assignment" time="2.375" classname="com.qait.cxp.maintest.ALaunchActivityPageTest"/>
</testsuite>
