<?xml version="1.0" encoding="UTF-8"?>
<!-- Generated by org.testng.reporters.JUnitReportReporter -->
<testsuite hostname="MABOSPKUMAR-L1" name="com.qait.cxp.maintest.ALaunchActivityPageTest" tests="3" failures="0" timestamp="19 Feb 2013 21:17:16 GMT" time="10.703" errors="0">
  <testcase name="verify_Select_Xml_and_Load" time="7.266" classname="com.qait.cxp.maintest.ALaunchActivityPageTest"/>
  <testcase name="verifyActivityPageHeader" time="0.094" classname="com.qait.cxp.maintest.ALaunchActivityPageTest"/>
  <testcase name="verify_Take_Assignment" time="3.343" classname="com.qait.cxp.maintest.ALaunchActivityPageTest"/>
</testsuite> <!-- com.qait.cxp.maintest.ALaunchActivityPageTest -->
