<?xml version="1.0" encoding="UTF-8"?>
<!-- Generated by org.testng.reporters.JUnitReportReporter -->
<testsuite hostname="MABOSPKUMAR-L1" name="com.qait.cxp.maintest.ALaunchActivityPageTest" tests="3" failures="0" timestamp="19 Feb 2013 16:30:01 GMT" time="11.295" errors="0">
  <testcase name="verifyActivityPageHeader" time="0.094" classname="com.qait.cxp.maintest.ALaunchActivityPageTest"/>
  <testcase name="verify_Take_Assignment" time="3.484" classname="com.qait.cxp.maintest.ALaunchActivityPageTest"/>
  <testcase name="verify_Select_Xml_and_Load" time="7.717" classname="com.qait.cxp.maintest.ALaunchActivityPageTest"/>
</testsuite> <!-- com.qait.cxp.maintest.ALaunchActivityPageTest -->
