<?xml version="1.0" encoding="UTF-8"?>
<!-- Generated by org.testng.reporters.JUnitReportReporter -->
<testsuite hostname="MABOSPKUMAR-L1" name="com.qait.cxp.maintest.BSimpleTestContentLaunchTest" tests="39" failures="1" timestamp="22 Feb 2013 21:10:30 GMT" time="21.673" errors="0">
  <testcase name="verifyTryAnotherButtonOnMultipleChoiceItemBeforeSubmitIsInactive" time="0.078" classname="com.qait.cxp.maintest.BSimpleTestContentLaunchTest"/>
  <testcase name="verifyReviewTopicButtonIsEnabled" time="1.140" classname="com.qait.cxp.maintest.BSimpleTestContentLaunchTest"/>
  <testcase name="verifyClickingOnTryAnotherVersionReloadsMultipleChoiceItem" time="0.000" classname="com.qait.cxp.maintest.BSimpleTestContentLaunchTest"/>
  <testcase name="verifySubmitAnswerButtonOnFITBItemAfterSubmitReloadAndSubmitIsInactive" time="0.000" classname="com.qait.cxp.maintest.BSimpleTestContentLaunchTest"/>
  <testcase name="verifyNewTestButtonIsActive" time="0.078" classname="com.qait.cxp.maintest.BSimpleTestContentLaunchTest"/>
  <testcase name="verifyShowHintButtonIsEnabled" time="1.171" classname="com.qait.cxp.maintest.BSimpleTestContentLaunchTest"/>
  <testcase name="verifySubmitAnswerButtonOnFITBItemAfterSubmitAndReloadIsActive" time="0.000" classname="com.qait.cxp.maintest.BSimpleTestContentLaunchTest"/>
  <testcase name="verifyClickingOnTryAnotherVersionReloadsFITBItem" time="0.000" classname="com.qait.cxp.maintest.BSimpleTestContentLaunchTest"/>
  <testcase name="verifyTryAnotherVersionButtonOnFITBItemAfterSubmitReloadAndSubmitIsActive" time="0.000" classname="com.qait.cxp.maintest.BSimpleTestContentLaunchTest"/>
  <testcase name="verifyReviewButtonIsActive" time="0.063" classname="com.qait.cxp.maintest.BSimpleTestContentLaunchTest"/>
  <testcase name="verifySubmittingCorrectAnswerForMultipleChoiceShowsShowsCorrectRejoinder" time="0.000" classname="com.qait.cxp.maintest.BSimpleTestContentLaunchTest"/>
  <testcase name="verifyReferencesButtonIsEnabled" time="1.172" classname="com.qait.cxp.maintest.BSimpleTestContentLaunchTest"/>
  <testcase name="verifyNextLinkOnMultipleChoiceFirstItemIsActive" time="0.094" classname="com.qait.cxp.maintest.BSimpleTestContentLaunchTest"/>
  <testcase name="verifyNextLinkOnFITBItemAfterSubmitIsActive" time="0.000" classname="com.qait.cxp.maintest.BSimpleTestContentLaunchTest"/>
  <testcase name="verifySubmitAnswerButtonOnMultipleChoiceAfterSubmitAndReloadIsActive" time="0.000" classname="com.qait.cxp.maintest.BSimpleTestContentLaunchTest"/>
  <testcase name="verifyNextLinkOnMultipleChoiceItemAfterSubmitIsActive" time="0.000" classname="com.qait.cxp.maintest.BSimpleTestContentLaunchTest"/>
  <testcase name="verifyShowScoresButtonIsActive" time="0.078" classname="com.qait.cxp.maintest.BSimpleTestContentLaunchTest"/>
  <testcase name="verifyClickingOnShowHintButtonShowsHint" time="1.469" classname="com.qait.cxp.maintest.BSimpleTestContentLaunchTest"/>
  <testcase name="verifyMultipleChoiceItemIsLoaded" time="2.313" classname="com.qait.cxp.maintest.BSimpleTestContentLaunchTest"/>
  <testcase name="verifyShowHintIsChangedToHideHint" time="0.094" classname="com.qait.cxp.maintest.BSimpleTestContentLaunchTest"/>
  <testcase name="verifyClikingOnNextLinkLoadsNextFITBItem" time="0.000" classname="com.qait.cxp.maintest.BSimpleTestContentLaunchTest"/>
  <testcase name="verifyClickingOnReviewTopicShowsReviewTopicPage" time="1.688" classname="com.qait.cxp.maintest.BSimpleTestContentLaunchTest"/>
  <testcase name="verifyTryAnotherVersionButtonOnMultipleChoiceItemAfterSubmitIsActive" time="0.000" classname="com.qait.cxp.maintest.BSimpleTestContentLaunchTest"/>
  <testcase name="verifyTryAnotherButtonOnFITBItemAfterSubmitAndReloadIsInactive" time="0.000" classname="com.qait.cxp.maintest.BSimpleTestContentLaunchTest"/>
  <testcase name="verifyClickingOnReferencesShowsReferencesPage" time="5.453" classname="com.qait.cxp.maintest.BSimpleTestContentLaunchTest"/>
  <testcase name="verifyTryAnotherVersionButtonOnFITBItemAfterSubmitIsActive" time="0.000" classname="com.qait.cxp.maintest.BSimpleTestContentLaunchTest"/>
  <testcase name="verifySubmitAnswerButtonOnMultipleChoiceItemAfterSubmitReloadAndSubmitIsInactive" time="0.000" classname="com.qait.cxp.maintest.BSimpleTestContentLaunchTest"/>
  <testcase name="verifyClickingOnReviewTopicButtonShowsReviewTopics" time="1.359" classname="com.qait.cxp.maintest.BSimpleTestContentLaunchTest"/>
  <testcase name="verifySubmitAnswerButtonOnFITBItemAfterSubmitIsInactive" time="0.000" classname="com.qait.cxp.maintest.BSimpleTestContentLaunchTest"/>
  <testcase name="verifyCloseReviewTopics" time="1.641" classname="com.qait.cxp.maintest.BSimpleTestContentLaunchTest"/>
  <testcase name="verifySubmitAnswerButtonOnMultipleChoiceItemAfterSubmitIsInactive" time="0.000" classname="com.qait.cxp.maintest.BSimpleTestContentLaunchTest"/>
  <testcase name="verifySimpleTestContentPageHeader" time="1.157" classname="com.qait.cxp.maintest.BSimpleTestContentLaunchTest"/>
  <testcase name="verifyTryAnotherButtonOnMultipleChoiceItemAfterSubmitAndReloadIsInactive" time="0.000" classname="com.qait.cxp.maintest.BSimpleTestContentLaunchTest"/>
  <testcase name="verifySubmitAnswerButtonOnMultipleChoiceItemBeforeSubmitIsActive" time="0.094" classname="com.qait.cxp.maintest.BSimpleTestContentLaunchTest"/>
  <testcase name="verifySubmittingIncorrectAnswerForMultipleChoiceShowsIncorrectRejoinder" time="0.422" classname="com.qait.cxp.maintest.BSimpleTestContentLaunchTest">
    <failure type="java.lang.NullPointerException">
      <![CDATA[java.lang.NullPointerException
	at com.qait.cxp.maintest.BSimpleTestContentLaunchTest.verifySubmittingIncorrectAnswerForMultipleChoiceShowsIncorrectRejoinder(BSimpleTestContentLaunchTest.java:153)
	at sun.reflect.NativeMethodAccessorImpl.invoke0(Native Method)
	at sun.reflect.NativeMethodAccessorImpl.invoke(NativeMethodAccessorImpl.java:57)
	at sun.reflect.DelegatingMethodAccessorImpl.invoke(DelegatingMethodAccessorImpl.java:43)
	at java.lang.reflect.Method.invoke(Method.java:601)
	at org.testng.internal.MethodInvocationHelper.invokeMethod(MethodInvocationHelper.java:80)
	at org.testng.internal.Invoker.invokeMethod(Invoker.java:714)
	at org.testng.internal.Invoker.invokeTestMethod(Invoker.java:901)
	at org.testng.internal.Invoker.invokeTestMethods(Invoker.java:1231)
	at org.testng.internal.TestMethodWorker.invokeTestMethods(TestMethodWorker.java:127)
	at org.testng.internal.TestMethodWorker.run(TestMethodWorker.java:111)
	at org.testng.TestRunner.privateRun(TestRunner.java:767)
	at org.testng.TestRunner.run(TestRunner.java:617)
	at org.testng.SuiteRunner.runTest(SuiteRunner.java:334)
	at org.testng.SuiteRunner.runSequentially(SuiteRunner.java:329)
	at org.testng.SuiteRunner.privateRun(SuiteRunner.java:291)
	at org.testng.SuiteRunner.run(SuiteRunner.java:240)
	at org.testng.SuiteRunnerWorker.runSuite(SuiteRunnerWorker.java:52)
	at org.testng.SuiteRunnerWorker.run(SuiteRunnerWorker.java:86)
	at org.testng.TestNG.runSuitesSequentially(TestNG.java:1198)
	at org.testng.TestNG.runSuitesLocally(TestNG.java:1123)
	at org.testng.TestNG.run(TestNG.java:1031)
	at org.apache.maven.surefire.testng.TestNGExecutor.run(TestNGExecutor.java:70)
	at org.apache.maven.surefire.testng.TestNGDirectoryTestSuite.executeMulti(TestNGDirectoryTestSuite.java:158)
	at org.apache.maven.surefire.testng.TestNGDirectoryTestSuite.execute(TestNGDirectoryTestSuite.java:98)
	at org.apache.maven.surefire.testng.TestNGProvider.invoke(TestNGProvider.java:111)
	at sun.reflect.NativeMethodAccessorImpl.invoke0(Native Method)
	at sun.reflect.NativeMethodAccessorImpl.invoke(NativeMethodAccessorImpl.java:57)
	at sun.reflect.DelegatingMethodAccessorImpl.invoke(DelegatingMethodAccessorImpl.java:43)
	at java.lang.reflect.Method.invoke(Method.java:601)
	at org.apache.maven.surefire.util.ReflectionUtils.invokeMethodWithArray(ReflectionUtils.java:164)
	at org.apache.maven.surefire.booter.ProviderFactory$ProviderProxy.invoke(ProviderFactory.java:110)
	at org.apache.maven.surefire.booter.SurefireStarter.invokeProvider(SurefireStarter.java:175)
	at org.apache.maven.surefire.booter.SurefireStarter.runSuitesInProcessWhenForked(SurefireStarter.java:107)
	at org.apache.maven.surefire.booter.ForkedBooter.main(ForkedBooter.java:68)
]]>
    </failure>
  </testcase> <!-- verifySubmittingIncorrectAnswerForMultipleChoiceShowsIncorrectRejoinder -->
  <testcase name="verifyClickingOnHideHintClosesHint" time="0.437" classname="com.qait.cxp.maintest.BSimpleTestContentLaunchTest"/>
  <testcase name="verifySubmittingCorrectAnswerForFITBShowsCorrectRejoinder" time="0.000" classname="com.qait.cxp.maintest.BSimpleTestContentLaunchTest"/>
  <testcase name="verifyClickOnReferencesButtonShowsReferencesList" time="1.578" classname="com.qait.cxp.maintest.BSimpleTestContentLaunchTest"/>
  <testcase name="verifyPrevLinkOnMultipleChoiceFirstItemIsNotPresent" time="0.094" classname="com.qait.cxp.maintest.BSimpleTestContentLaunchTest"/>
</testsuite> <!-- com.qait.cxp.maintest.BSimpleTestContentLaunchTest -->
